#! /usr/local/bin/vvp
:ivl_version "11.0 (stable)" "(v11_0-97-g48ab896f)";
:ivl_delay_selection "TYPICAL";
:vpi_time_precision + 0;
:vpi_module "/usr/local/lib/ivl/system.vpi";
:vpi_module "/usr/local/lib/ivl/vhdl_sys.vpi";
:vpi_module "/usr/local/lib/ivl/vhdl_textio.vpi";
:vpi_module "/usr/local/lib/ivl/v2005_math.vpi";
:vpi_module "/usr/local/lib/ivl/va_math.vpi";
S_0x56335ae7bce0 .scope module, "top_tb" "top_tb" 2 1;
 .timescale 0 0;
v0x56335aef4db0_0 .net "MAJ_OP_REG", 31 0, v0x56335aef4500_0;  1 drivers
v0x56335aef4e90_0 .net "address_start", 4 0, v0x56335aef4910_0;  1 drivers
v0x56335aef4fa0_0 .var "clk", 0 0;
v0x56335aef5040_0 .net "enable", 0 0, v0x56335aef4b90_0;  1 drivers
v0x56335aef5130_0 .var "rstn", 0 0;
S_0x56335ae7be70 .scope module, "uut" "top" 2 5, 3 4 0, S_0x56335ae7bce0;
 .timescale 0 0;
    .port_info 0 /INPUT 1 "clk";
    .port_info 1 /INPUT 1 "rstn";
    .port_info 2 /OUTPUT 1 "enable";
    .port_info 3 /OUTPUT 5 "address_start";
    .port_info 4 /OUTPUT 32 "MAJ_OP_REG";
v0x56335aef4440_0 .net "CS", 0 0, v0x56335aef3210_0;  1 drivers
v0x56335aef4500_0 .var "MAJ_OP_REG", 31 0;
v0x56335aef45c0_0 .net "OE", 0 0, v0x56335aef33c0_0;  1 drivers
v0x56335aef46e0_0 .net "WE", 0 0, v0x56335aef34c0_0;  1 drivers
v0x56335aef47d0_0 .net "address_MIG", 4 0, v0x56335aef37e0_0;  1 drivers
v0x56335aef4910_0 .var "address_start", 4 0;
v0x56335aef49b0_0 .net "clk", 0 0, v0x56335aef4fa0_0;  1 drivers
RS_0x7f8515b21168 .resolv tri, L_0x56335aef53d0, L_0x56335aef56b0;
v0x56335aef4aa0_0 .net8 "data_bus_MIG_mem", 31 0, RS_0x7f8515b21168;  2 drivers
v0x56335aef4b90_0 .var "enable", 0 0;
v0x56335aef4c30_0 .net "execute_MIG", 0 0, v0x56335aef3d60_0;  1 drivers
v0x56335aef4cd0_0 .net "rstn", 0 0, v0x56335aef5130_0;  1 drivers
S_0x56335aece820 .scope module, "U_MIG_MEM" "vector_register_file_sram" 3 22, 4 2 0, S_0x56335ae7be70;
 .timescale 0 0;
    .port_info 0 /INPUT 1 "clk";
    .port_info 1 /INPUT 5 "address";
    .port_info 2 /INOUT 32 "data";
    .port_info 3 /INPUT 1 "cs";
    .port_info 4 /INPUT 1 "we";
    .port_info 5 /INPUT 1 "oe";
P_0x56335aecea00 .param/l "ADDR_WIDTH" 0 4 12, +C4<00000000000000000000000000000101>;
P_0x56335aecea40 .param/l "DATA_WIDTH" 0 4 11, +C4<00000000000000000000000000100000>;
P_0x56335aecea80 .param/l "RAM_DEPTH" 0 4 13, +C4<0000000000000000000000000000000100000>;
L_0x56335aea8ef0 .functor AND 1, v0x56335aef3210_0, v0x56335aef33c0_0, C4<1>, C4<1>;
L_0x56335aeb9590 .functor AND 1, L_0x56335aea8ef0, L_0x56335aef5270, C4<1>, C4<1>;
v0x56335aebc940_0 .net *"_ivl_1", 0 0, L_0x56335aea8ef0;  1 drivers
v0x56335aed2f20_0 .net *"_ivl_3", 0 0, L_0x56335aef5270;  1 drivers
v0x56335aed2fc0_0 .net *"_ivl_5", 0 0, L_0x56335aeb9590;  1 drivers
o0x7f8515b210a8 .functor BUFZ 32, C4<zzzzzzzzzzzzzzzzzzzzzzzzzzzzzzzz>; HiZ drive
; Elide local net with no drivers, v0x56335aea1140_0 name=_ivl_6
v0x56335aeaa000_0 .net "address", 4 0, v0x56335aef37e0_0;  alias, 1 drivers
v0x56335aea0d70_0 .net "clk", 0 0, v0x56335aef4fa0_0;  alias, 1 drivers
v0x56335aef2560_0 .net "cs", 0 0, v0x56335aef3210_0;  alias, 1 drivers
v0x56335aef2620_0 .net8 "data", 31 0, RS_0x7f8515b21168;  alias, 2 drivers
v0x56335aef2700_0 .var "data_out", 31 0;
v0x56335aef27e0 .array "mem", 31 0, 31 0;
v0x56335aef28a0_0 .net "oe", 0 0, v0x56335aef33c0_0;  alias, 1 drivers
v0x56335aef2960_0 .var "oe_r", 0 0;
v0x56335aef2a20_0 .net "we", 0 0, v0x56335aef34c0_0;  alias, 1 drivers
E_0x56335aeb9aa0 .event posedge, v0x56335aea0d70_0;
L_0x56335aef5270 .reduce/nor v0x56335aef34c0_0;
L_0x56335aef53d0 .functor MUXZ 32, o0x7f8515b210a8, v0x56335aef2700_0, L_0x56335aeb9590, C4<>;
S_0x56335aec9420 .scope begin, "MEM_READ" "MEM_READ" 4 48, 4 48 0, S_0x56335aece820;
 .timescale 0 0;
S_0x56335aec9600 .scope begin, "MEM_WRITE" "MEM_WRITE" 4 39, 4 39 0, S_0x56335aece820;
 .timescale 0 0;
S_0x56335aef2ba0 .scope module, "U_statemachine" "maj_state_machine_3x8_decoder" 3 33, 3 74 0, S_0x56335ae7be70;
 .timescale 0 0;
    .port_info 0 /INPUT 1 "clk";
    .port_info 1 /INPUT 1 "in";
    .port_info 2 /INPUT 1 "rstn";
    .port_info 3 /INPUT 1 "enable";
    .port_info 4 /INPUT 5 "address_start";
    .port_info 5 /OUTPUT 1 "execute_MIG";
    .port_info 6 /INOUT 32 "data_bus_MIG_mem";
    .port_info 7 /OUTPUT 1 "WE";
    .port_info 8 /OUTPUT 1 "CS";
    .port_info 9 /OUTPUT 1 "OE";
    .port_info 10 /OUTPUT 5 "address_MIG";
    .port_info 11 /INPUT 32 "MAJ_OP_REG";
P_0x56335ae7db10 .param/l "S0" 0 3 109, +C4<00000000000000000000000000000000>;
P_0x56335ae7db50 .param/l "S1" 0 3 109, +C4<00000000000000000000000000000001>;
P_0x56335ae7db90 .param/l "S2" 0 3 109, +C4<00000000000000000000000000000010>;
P_0x56335ae7dbd0 .param/l "S3" 0 3 109, +C4<00000000000000000000000000000011>;
P_0x56335ae7dc10 .param/l "S4" 0 3 109, +C4<00000000000000000000000000000100>;
P_0x56335ae7dc50 .param/l "S5" 0 3 109, +C4<00000000000000000000000000000101>;
P_0x56335ae7dc90 .param/l "S6" 0 3 109, +C4<00000000000000000000000000000110>;
L_0x56335aef5560 .functor AND 1, v0x56335aef3210_0, L_0x56335aef54c0, C4<1>, C4<1>;
L_0x56335aef55d0 .functor AND 1, L_0x56335aef5560, v0x56335aef33c0_0, C4<1>, C4<1>;
L_0x56335aef5640 .functor AND 1, v0x56335aef3210_0, v0x56335aef34c0_0, C4<1>, C4<1>;
v0x56335aef3210_0 .var "CS", 0 0;
v0x56335aef3300_0 .net "MAJ_OP_REG", 31 0, v0x56335aef4500_0;  alias, 1 drivers
v0x56335aef33c0_0 .var "OE", 0 0;
v0x56335aef34c0_0 .var "WE", 0 0;
v0x56335aef3590_0 .net *"_ivl_1", 0 0, L_0x56335aef54c0;  1 drivers
v0x56335aef3680_0 .net *"_ivl_3", 0 0, L_0x56335aef5560;  1 drivers
o0x7f8515b21408 .functor BUFZ 32, C4<zzzzzzzzzzzzzzzzzzzzzzzzzzzzzzzz>; HiZ drive
; Elide local net with no drivers, v0x56335aef3720_0 name=_ivl_8
v0x56335aef37e0_0 .var "address_MIG", 4 0;
v0x56335aef38a0_0 .net "address_start", 4 0, v0x56335aef4910_0;  alias, 1 drivers
v0x56335aef3960_0 .net "clk", 0 0, v0x56335aef4fa0_0;  alias, 1 drivers
v0x56335aef3a30_0 .net8 "data_bus_MIG_mem", 31 0, RS_0x7f8515b21168;  alias, 2 drivers
v0x56335aef3b00_0 .var "data_bus_MIG_mem_reg_in", 31 0;
v0x56335aef3bc0_0 .var "data_bus_MIG_mem_reg_out", 31 0;
v0x56335aef3ca0_0 .net "enable", 0 0, v0x56335aef4b90_0;  alias, 1 drivers
v0x56335aef3d60_0 .var "execute_MIG", 0 0;
o0x7f8515b21528 .functor BUFZ 1, C4<z>; HiZ drive
v0x56335aef3e20_0 .net "in", 0 0, o0x7f8515b21528;  0 drivers
v0x56335aef3ee0_0 .net "mem_read", 0 0, L_0x56335aef55d0;  1 drivers
v0x56335aef3fa0_0 .net "mem_write", 0 0, L_0x56335aef5640;  1 drivers
v0x56335aef4060_0 .var "out_reg", 0 0;
v0x56335aef4120_0 .net "rstn", 0 0, v0x56335aef5130_0;  alias, 1 drivers
v0x56335aef41e0_0 .var "state", 2 0;
E_0x56335aebc0b0/0 .event negedge, v0x56335aef4120_0;
E_0x56335aebc0b0/1 .event posedge, v0x56335aea0d70_0;
E_0x56335aebc0b0 .event/or E_0x56335aebc0b0/0, E_0x56335aebc0b0/1;
E_0x56335ae9ec60 .event edge, v0x56335aef41e0_0;
L_0x56335aef54c0 .reduce/nor v0x56335aef34c0_0;
L_0x56335aef56b0 .functor MUXZ 32, o0x7f8515b21408, v0x56335aef3bc0_0, v0x56335aef4060_0, C4<>;
    .scope S_0x56335aece820;
T_0 ;
    %wait E_0x56335aeb9aa0;
    %fork t_1, S_0x56335aec9600;
    %jmp t_0;
    .scope S_0x56335aec9600;
t_1 ;
    %load/vec4 v0x56335aef2560_0;
    %load/vec4 v0x56335aef2a20_0;
    %and;
    %flag_set/vec4 8;
    %jmp/0xz  T_0.0, 8;
    %load/vec4 v0x56335aef2620_0;
    %load/vec4 v0x56335aeaa000_0;
    %pad/u 7;
    %ix/vec4 4;
    %store/vec4a v0x56335aef27e0, 4, 0;
T_0.0 ;
    %end;
    .scope S_0x56335aece820;
t_0 %join;
    %jmp T_0;
    .thread T_0;
    .scope S_0x56335aece820;
T_1 ;
    %wait E_0x56335aeb9aa0;
    %fork t_3, S_0x56335aec9420;
    %jmp t_2;
    .scope S_0x56335aec9420;
t_3 ;
    %load/vec4 v0x56335aef2560_0;
    %load/vec4 v0x56335aef2a20_0;
    %nor/r;
    %and;
    %load/vec4 v0x56335aef28a0_0;
    %and;
    %flag_set/vec4 8;
    %jmp/0xz  T_1.0, 8;
    %load/vec4 v0x56335aeaa000_0;
    %pad/u 7;
    %ix/vec4 4;
    %load/vec4a v0x56335aef27e0, 4;
    %store/vec4 v0x56335aef2700_0, 0, 32;
    %pushi/vec4 1, 0, 1;
    %store/vec4 v0x56335aef2960_0, 0, 1;
    %jmp T_1.1;
T_1.0 ;
    %pushi/vec4 0, 0, 1;
    %store/vec4 v0x56335aef2960_0, 0, 1;
T_1.1 ;
    %end;
    .scope S_0x56335aece820;
t_2 %join;
    %jmp T_1;
    .thread T_1;
    .scope S_0x56335aece820;
T_2 ;
    %vpi_call 4 58 "$readmemb", "data.txt", v0x56335aef27e0 {0 0 0};
    %end;
    .thread T_2;
    .scope S_0x56335aef2ba0;
T_3 ;
    %wait E_0x56335ae9ec60;
    %load/vec4 v0x56335aef41e0_0;
    %dup/vec4;
    %pushi/vec4 0, 0, 3;
    %cmp/u;
    %jmp/1 T_3.0, 6;
    %dup/vec4;
    %pushi/vec4 1, 0, 3;
    %cmp/u;
    %jmp/1 T_3.1, 6;
    %dup/vec4;
    %pushi/vec4 2, 0, 3;
    %cmp/u;
    %jmp/1 T_3.2, 6;
    %dup/vec4;
    %pushi/vec4 3, 0, 3;
    %cmp/u;
    %jmp/1 T_3.3, 6;
    %dup/vec4;
    %pushi/vec4 4, 0, 3;
    %cmp/u;
    %jmp/1 T_3.4, 6;
    %dup/vec4;
    %pushi/vec4 5, 0, 3;
    %cmp/u;
    %jmp/1 T_3.5, 6;
    %dup/vec4;
    %pushi/vec4 6, 0, 3;
    %cmp/u;
    %jmp/1 T_3.6, 6;
    %jmp T_3.7;
T_3.0 ;
    %pushi/vec4 0, 31, 5;
    %assign/vec4 v0x56335aef37e0_0, 0;
    %pushi/vec4 0, 0, 1;
    %store/vec4 v0x56335aef4060_0, 0, 1;
    %pushi/vec4 0, 0, 1;
    %store/vec4 v0x56335aef34c0_0, 0, 1;
    %pushi/vec4 1, 0, 1;
    %store/vec4 v0x56335aef33c0_0, 0, 1;
    %pushi/vec4 1, 0, 1;
    %store/vec4 v0x56335aef3210_0, 0, 1;
    %pushi/vec4 0, 0, 32;
    %store/vec4 v0x56335aef3b00_0, 0, 32;
    %jmp T_3.7;
T_3.1 ;
    %pushi/vec4 0, 0, 1;
    %store/vec4 v0x56335aef4060_0, 0, 1;
    %pushi/vec4 1, 0, 1;
    %store/vec4 v0x56335aef3d60_0, 0, 1;
    %pushi/vec4 1, 0, 5;
    %store/vec4 v0x56335aef37e0_0, 0, 5;
    %pushi/vec4 0, 0, 1;
    %store/vec4 v0x56335aef34c0_0, 0, 1;
    %pushi/vec4 1, 0, 1;
    %store/vec4 v0x56335aef33c0_0, 0, 1;
    %pushi/vec4 1, 0, 1;
    %store/vec4 v0x56335aef3210_0, 0, 1;
    %jmp T_3.7;
T_3.2 ;
    %pushi/vec4 5, 0, 32;
    %store/vec4 v0x56335aef3bc0_0, 0, 32;
    %load/vec4 v0x56335aef3a30_0;
    %store/vec4 v0x56335aef3b00_0, 0, 32;
    %load/vec4 v0x56335aef37e0_0;
    %addi 1, 0, 5;
    %store/vec4 v0x56335aef37e0_0, 0, 5;
    %jmp T_3.7;
T_3.3 ;
    %pushi/vec4 1, 0, 1;
    %store/vec4 v0x56335aef4060_0, 0, 1;
    %load/vec4 v0x56335aef3300_0;
    %parti/s 1, 4, 4;
    %ix/load 4, 31, 0;
    %flag_set/imm 4, 0;
    %store/vec4 v0x56335aef3bc0_0, 4, 1;
    %load/vec4 v0x56335aef3b00_0;
    %parti/s 1, 30, 6;
    %ix/load 4, 30, 0;
    %flag_set/imm 4, 0;
    %store/vec4 v0x56335aef3bc0_0, 4, 1;
    %load/vec4 v0x56335aef3b00_0;
    %parti/s 1, 29, 6;
    %ix/load 4, 29, 0;
    %flag_set/imm 4, 0;
    %store/vec4 v0x56335aef3bc0_0, 4, 1;
    %load/vec4 v0x56335aef3b00_0;
    %parti/s 1, 31, 6;
    %ix/load 4, 28, 0;
    %flag_set/imm 4, 0;
    %store/vec4 v0x56335aef3bc0_0, 4, 1;
    %load/vec4 v0x56335aef3300_0;
    %parti/s 1, 4, 4;
    %ix/load 4, 27, 0;
    %flag_set/imm 4, 0;
    %store/vec4 v0x56335aef3bc0_0, 4, 1;
    %load/vec4 v0x56335aef3300_0;
    %parti/s 1, 2, 3;
    %ix/load 4, 26, 0;
    %flag_set/imm 4, 0;
    %store/vec4 v0x56335aef3bc0_0, 4, 1;
    %load/vec4 v0x56335aef3300_0;
    %parti/s 1, 2, 3;
    %ix/load 4, 25, 0;
    %flag_set/imm 4, 0;
    %store/vec4 v0x56335aef3bc0_0, 4, 1;
    %load/vec4 v0x56335aef3b00_0;
    %parti/s 1, 28, 6;
    %ix/load 4, 24, 0;
    %flag_set/imm 4, 0;
    %store/vec4 v0x56335aef3bc0_0, 4, 1;
    %pushi/vec4 0, 0, 24;
    %ix/load 4, 0, 0;
    %flag_set/imm 4, 0;
    %store/vec4 v0x56335aef3bc0_0, 4, 24;
    %load/vec4 v0x56335aef37e0_0;
    %addi 1, 0, 5;
    %store/vec4 v0x56335aef37e0_0, 0, 5;
    %pushi/vec4 1, 0, 1;
    %store/vec4 v0x56335aef34c0_0, 0, 1;
    %pushi/vec4 1, 0, 1;
    %store/vec4 v0x56335aef3210_0, 0, 1;
    %pushi/vec4 0, 0, 1;
    %store/vec4 v0x56335aef33c0_0, 0, 1;
    %jmp T_3.7;
T_3.4 ;
    %pushi/vec4 1, 0, 1;
    %store/vec4 v0x56335aef4060_0, 0, 1;
    %load/vec4 v0x56335aef3300_0;
    %parti/s 1, 4, 4;
    %ix/load 4, 31, 0;
    %flag_set/imm 4, 0;
    %store/vec4 v0x56335aef3bc0_0, 4, 1;
    %load/vec4 v0x56335aef3b00_0;
    %parti/s 1, 30, 6;
    %ix/load 4, 30, 0;
    %flag_set/imm 4, 0;
    %store/vec4 v0x56335aef3bc0_0, 4, 1;
    %load/vec4 v0x56335aef3b00_0;
    %parti/s 1, 29, 6;
    %ix/load 4, 29, 0;
    %flag_set/imm 4, 0;
    %store/vec4 v0x56335aef3bc0_0, 4, 1;
    %load/vec4 v0x56335aef3b00_0;
    %parti/s 1, 31, 6;
    %ix/load 4, 28, 0;
    %flag_set/imm 4, 0;
    %store/vec4 v0x56335aef3bc0_0, 4, 1;
    %load/vec4 v0x56335aef3300_0;
    %parti/s 1, 4, 4;
    %ix/load 4, 27, 0;
    %flag_set/imm 4, 0;
    %store/vec4 v0x56335aef3bc0_0, 4, 1;
    %load/vec4 v0x56335aef3300_0;
    %parti/s 1, 2, 3;
    %ix/load 4, 26, 0;
    %flag_set/imm 4, 0;
    %store/vec4 v0x56335aef3bc0_0, 4, 1;
    %load/vec4 v0x56335aef3300_0;
    %parti/s 1, 2, 3;
    %ix/load 4, 25, 0;
    %flag_set/imm 4, 0;
    %store/vec4 v0x56335aef3bc0_0, 4, 1;
    %load/vec4 v0x56335aef3b00_0;
    %parti/s 1, 28, 6;
    %ix/load 4, 24, 0;
    %flag_set/imm 4, 0;
    %store/vec4 v0x56335aef3bc0_0, 4, 1;
    %pushi/vec4 0, 0, 24;
    %ix/load 4, 0, 0;
    %flag_set/imm 4, 0;
    %store/vec4 v0x56335aef3bc0_0, 4, 24;
    %pushi/vec4 3, 0, 32;
    %store/vec4 v0x56335aef3bc0_0, 0, 32;
    %load/vec4 v0x56335aef37e0_0;
    %addi 1, 0, 5;
    %store/vec4 v0x56335aef37e0_0, 0, 5;
    %pushi/vec4 1, 0, 1;
    %store/vec4 v0x56335aef34c0_0, 0, 1;
    %pushi/vec4 1, 0, 1;
    %store/vec4 v0x56335aef3210_0, 0, 1;
    %pushi/vec4 0, 0, 1;
    %store/vec4 v0x56335aef33c0_0, 0, 1;
    %jmp T_3.7;
T_3.5 ;
    %pushi/vec4 0, 0, 1;
    %store/vec4 v0x56335aef4060_0, 0, 1;
    %pushi/vec4 0, 0, 1;
    %store/vec4 v0x56335aef34c0_0, 0, 1;
    %pushi/vec4 1, 0, 1;
    %store/vec4 v0x56335aef33c0_0, 0, 1;
    %pushi/vec4 1, 0, 1;
    %store/vec4 v0x56335aef3210_0, 0, 1;
    %jmp T_3.7;
T_3.6 ;
    %pushi/vec4 0, 0, 1;
    %store/vec4 v0x56335aef4060_0, 0, 1;
    %pushi/vec4 0, 0, 1;
    %store/vec4 v0x56335aef34c0_0, 0, 1;
    %pushi/vec4 1, 0, 1;
    %store/vec4 v0x56335aef33c0_0, 0, 1;
    %pushi/vec4 1, 0, 1;
    %store/vec4 v0x56335aef3210_0, 0, 1;
    %load/vec4 v0x56335aef3a30_0;
    %store/vec4 v0x56335aef3b00_0, 0, 32;
    %jmp T_3.7;
T_3.7 ;
    %pop/vec4 1;
    %jmp T_3;
    .thread T_3, $push;
    .scope S_0x56335aef2ba0;
T_4 ;
    %wait E_0x56335aebc0b0;
    %load/vec4 v0x56335aef4120_0;
    %nor/r;
    %flag_set/vec4 8;
    %jmp/0xz  T_4.0, 8;
    %pushi/vec4 0, 0, 5;
    %assign/vec4 v0x56335aef37e0_0, 0;
    %pushi/vec4 0, 0, 1;
    %assign/vec4 v0x56335aef3210_0, 0;
    %pushi/vec4 0, 0, 1;
    %assign/vec4 v0x56335aef3d60_0, 0;
    %pushi/vec4 0, 0, 3;
    %assign/vec4 v0x56335aef41e0_0, 0;
    %jmp T_4.1;
T_4.0 ;
    %load/vec4 v0x56335aef3ca0_0;
    %flag_set/vec4 8;
    %jmp/0xz  T_4.2, 8;
    %load/vec4 v0x56335aef41e0_0;
    %dup/vec4;
    %pushi/vec4 0, 0, 3;
    %cmp/u;
    %jmp/1 T_4.4, 6;
    %dup/vec4;
    %pushi/vec4 1, 0, 3;
    %cmp/u;
    %jmp/1 T_4.5, 6;
    %dup/vec4;
    %pushi/vec4 2, 0, 3;
    %cmp/u;
    %jmp/1 T_4.6, 6;
    %dup/vec4;
    %pushi/vec4 3, 0, 3;
    %cmp/u;
    %jmp/1 T_4.7, 6;
    %dup/vec4;
    %pushi/vec4 4, 0, 3;
    %cmp/u;
    %jmp/1 T_4.8, 6;
    %dup/vec4;
    %pushi/vec4 5, 0, 3;
    %cmp/u;
    %jmp/1 T_4.9, 6;
    %dup/vec4;
    %pushi/vec4 6, 0, 3;
    %cmp/u;
    %jmp/1 T_4.10, 6;
    %jmp T_4.11;
T_4.4 ;
    %pushi/vec4 1, 0, 3;
    %assign/vec4 v0x56335aef41e0_0, 0;
    %jmp T_4.11;
T_4.5 ;
    %pushi/vec4 2, 0, 3;
    %assign/vec4 v0x56335aef41e0_0, 0;
    %jmp T_4.11;
T_4.6 ;
    %pushi/vec4 3, 0, 3;
    %assign/vec4 v0x56335aef41e0_0, 0;
    %jmp T_4.11;
T_4.7 ;
    %pushi/vec4 4, 0, 3;
    %assign/vec4 v0x56335aef41e0_0, 0;
    %jmp T_4.11;
T_4.8 ;
    %pushi/vec4 5, 0, 3;
    %assign/vec4 v0x56335aef41e0_0, 0;
    %jmp T_4.11;
T_4.9 ;
    %pushi/vec4 6, 0, 3;
    %assign/vec4 v0x56335aef41e0_0, 0;
    %jmp T_4.11;
T_4.10 ;
    %pushi/vec4 0, 0, 3;
    %assign/vec4 v0x56335aef41e0_0, 0;
    %jmp T_4.11;
T_4.11 ;
    %pop/vec4 1;
T_4.2 ;
T_4.1 ;
    %jmp T_4;
    .thread T_4;
    .scope S_0x56335ae7be70;
T_5 ;
    %wait E_0x56335aebc0b0;
    %load/vec4 v0x56335aef4cd0_0;
    %nor/r;
    %flag_set/vec4 8;
    %jmp/0xz  T_5.0, 8;
    %pushi/vec4 0, 0, 32;
    %store/vec4 v0x56335aef4500_0, 0, 32;
    %pushi/vec4 0, 0, 1;
    %store/vec4 v0x56335aef4b90_0, 0, 1;
    %jmp T_5.1;
T_5.0 ;
    %pushi/vec4 0, 0, 1;
    %ix/load 4, 31, 0;
    %flag_set/imm 4, 0;
    %store/vec4 v0x56335aef4500_0, 4, 1;
    %pushi/vec4 1, 0, 1;
    %ix/load 4, 30, 0;
    %flag_set/imm 4, 0;
    %store/vec4 v0x56335aef4500_0, 4, 1;
    %pushi/vec4 1, 0, 1;
    %ix/load 4, 29, 0;
    %flag_set/imm 4, 0;
    %store/vec4 v0x56335aef4500_0, 4, 1;
    %pushi/vec4 0, 0, 1;
    %ix/load 4, 28, 0;
    %flag_set/imm 4, 0;
    %store/vec4 v0x56335aef4500_0, 4, 1;
    %pushi/vec4 1, 0, 1;
    %ix/load 4, 27, 0;
    %flag_set/imm 4, 0;
    %store/vec4 v0x56335aef4500_0, 4, 1;
    %pushi/vec4 0, 0, 27;
    %ix/load 4, 0, 0;
    %flag_set/imm 4, 0;
    %store/vec4 v0x56335aef4500_0, 4, 27;
    %pushi/vec4 1, 0, 1;
    %store/vec4 v0x56335aef4b90_0, 0, 1;
    %pushi/vec4 3, 0, 5;
    %store/vec4 v0x56335aef4910_0, 0, 5;
T_5.1 ;
    %jmp T_5;
    .thread T_5;
    .scope S_0x56335ae7bce0;
T_6 ;
    %delay 5, 0;
    %pushi/vec4 0, 0, 1;
    %store/vec4 v0x56335aef5130_0, 0, 1;
    %pushi/vec4 0, 0, 1;
    %store/vec4 v0x56335aef4fa0_0, 0, 1;
    %delay 10, 0;
    %pushi/vec4 1, 0, 1;
    %store/vec4 v0x56335aef5130_0, 0, 1;
    %delay 80, 0;
    %vpi_call 2 30 "$finish" {0 0 0};
    %end;
    .thread T_6;
    .scope S_0x56335ae7bce0;
T_7 ;
    %delay 5, 0;
    %load/vec4 v0x56335aef4fa0_0;
    %nor/r;
    %store/vec4 v0x56335aef4fa0_0, 0, 1;
    %jmp T_7;
    .thread T_7;
    .scope S_0x56335ae7bce0;
T_8 ;
    %vpi_call 2 41 "$dumpfile", "top_tb.vcd" {0 0 0};
    %vpi_call 2 42 "$dumpvars" {0 0 0};
    %end;
    .thread T_8;
# The file index is used to find the file name in the following table.
:file_names 5;
    "N/A";
    "<interactive>";
    "top_tb.v";
    "top.v";
    "memory/vector_register_file.v";
