#! /usr/local/bin/vvp
:ivl_version "11.0 (stable)" "(v11_0-97-g48ab896f)";
:ivl_delay_selection "TYPICAL";
:vpi_time_precision - 12;
:vpi_module "/usr/local/lib/ivl/system.vpi";
:vpi_module "/usr/local/lib/ivl/vhdl_sys.vpi";
:vpi_module "/usr/local/lib/ivl/vhdl_textio.vpi";
:vpi_module "/usr/local/lib/ivl/v2005_math.vpi";
:vpi_module "/usr/local/lib/ivl/va_math.vpi";
:vpi_module "/usr/local/lib/ivl/v2009.vpi";
S_0x55e7e05c9ce0 .scope package, "$unit" "$unit" 2 1;
 .timescale 0 0;
S_0x55e7e05c9e70 .scope module, "sync_fifo_16x16_tb" "sync_fifo_16x16_tb" 3 2;
 .timescale -9 -12;
P_0x55e7e05caf90 .param/l "ADDR_WIDTH" 0 3 21, +C4<00000000000000000000000000000100>;
P_0x55e7e05cafd0 .param/l "DATA_WIDTH" 0 3 20, +C4<00000000000000000000000000010000>;
P_0x55e7e05cb010 .param/l "RAM_DEPTH" 0 3 22, +C4<00000000000000000000000000010000>;
v0x55e7e06403e0_0 .var "address_to_read", 3 0;
v0x55e7e06404f0_0 .var "address_to_write", 3 0;
v0x55e7e06405c0_0 .var "clk", 0 0;
v0x55e7e06406c0_0 .var "data_in", 15 0;
v0x55e7e0640760_0 .net "data_out", 15 0, v0x55e7e063f950_0;  1 drivers
v0x55e7e0640850_0 .net "empty", 0 0, L_0x55e7e06511d0;  1 drivers
v0x55e7e06408f0_0 .net "full", 0 0, L_0x55e7e0650f00;  1 drivers
v0x55e7e06409c0_0 .var "rd_cs", 0 0;
v0x55e7e0640ab0_0 .var "rd_en", 0 0;
v0x55e7e0640b50_0 .var "rst", 0 0;
v0x55e7e0640bf0_0 .var "wr_cs", 0 0;
v0x55e7e0640ce0_0 .var "wr_en", 0 0;
S_0x55e7e060c3b0 .scope begin, "$ivl_for_loop0" "$ivl_for_loop0" 3 65, 3 65 0, S_0x55e7e05c9e70;
 .timescale -9 -12;
v0x55e7e060f620_0 .var/2s "i", 31 0;
S_0x55e7e063c900 .scope begin, "$ivl_for_loop1" "$ivl_for_loop1" 3 84, 3 84 0, S_0x55e7e05c9e70;
 .timescale -9 -12;
v0x55e7e05fcb50_0 .var/2s "i", 31 0;
S_0x55e7e063cb40 .scope module, "uut" "sync_fifo_16x16" 3 4, 4 6 0, S_0x55e7e05c9e70;
 .timescale 0 0;
    .port_info 0 /INPUT 1 "clk";
    .port_info 1 /INPUT 1 "rst";
    .port_info 2 /INPUT 1 "wr_cs";
    .port_info 3 /INPUT 1 "rd_cs";
    .port_info 4 /INPUT 16 "data_in";
    .port_info 5 /INPUT 1 "rd_en";
    .port_info 6 /INPUT 1 "wr_en";
    .port_info 7 /OUTPUT 16 "data_out";
    .port_info 8 /OUTPUT 1 "empty";
    .port_info 9 /OUTPUT 1 "full";
    .port_info 10 /INPUT 4 "address_to_write";
    .port_info 11 /INPUT 4 "address_to_read";
P_0x55e7e063cd20 .param/l "ADDR_WIDTH" 0 4 23, +C4<00000000000000000000000000000100>;
P_0x55e7e063cd60 .param/l "DATA_WIDTH" 0 4 22, +C4<00000000000000000000000000010000>;
P_0x55e7e063cda0 .param/l "RAM_DEPTH" 0 4 24, +C4<00000000000000000000000000010000>;
v0x55e7e063f0c0_0 .net *"_ivl_0", 31 0, L_0x55e7e0640dd0;  1 drivers
L_0x7fc2528b40a8 .functor BUFT 1, C4<000000000000000000000000000>, C4<0>, C4<0>, C4<0>;
v0x55e7e063f180_0 .net *"_ivl_11", 26 0, L_0x7fc2528b40a8;  1 drivers
L_0x7fc2528b40f0 .functor BUFT 1, C4<00000000000000000000000000000000>, C4<0>, C4<0>, C4<0>;
v0x55e7e063f260_0 .net/2u *"_ivl_12", 31 0, L_0x7fc2528b40f0;  1 drivers
L_0x7fc2528b4018 .functor BUFT 1, C4<000000000000000000000000000>, C4<0>, C4<0>, C4<0>;
v0x55e7e063f320_0 .net *"_ivl_3", 26 0, L_0x7fc2528b4018;  1 drivers
L_0x7fc2528b4060 .functor BUFT 1, C4<00000000000000000000000000001111>, C4<0>, C4<0>, C4<0>;
v0x55e7e063f400_0 .net/2u *"_ivl_4", 31 0, L_0x7fc2528b4060;  1 drivers
v0x55e7e063f530_0 .net *"_ivl_8", 31 0, L_0x55e7e0651090;  1 drivers
v0x55e7e063f610_0 .net "address_to_read", 3 0, v0x55e7e06403e0_0;  1 drivers
v0x55e7e063f6f0_0 .net "address_to_write", 3 0, v0x55e7e06404f0_0;  1 drivers
v0x55e7e063f7d0_0 .net "clk", 0 0, v0x55e7e06405c0_0;  1 drivers
v0x55e7e063f890_0 .net "data_in", 15 0, v0x55e7e06406c0_0;  1 drivers
v0x55e7e063f950_0 .var "data_out", 15 0;
v0x55e7e063fa10_0 .net "data_ram", 15 0, L_0x55e7e0651520;  1 drivers
v0x55e7e063fb00_0 .net "empty", 0 0, L_0x55e7e06511d0;  alias, 1 drivers
v0x55e7e063fba0_0 .net "full", 0 0, L_0x55e7e0650f00;  alias, 1 drivers
v0x55e7e063fc60_0 .net "rd_cs", 0 0, v0x55e7e06409c0_0;  1 drivers
v0x55e7e063fd30_0 .net "rd_en", 0 0, v0x55e7e0640ab0_0;  1 drivers
v0x55e7e063fe00_0 .var "rd_pointer", 3 0;
v0x55e7e063fed0_0 .net "rst", 0 0, v0x55e7e0640b50_0;  1 drivers
v0x55e7e063ff70_0 .var "status_cnt", 4 0;
v0x55e7e0640030_0 .net "wr_cs", 0 0, v0x55e7e0640bf0_0;  1 drivers
v0x55e7e0640100_0 .net "wr_en", 0 0, v0x55e7e0640ce0_0;  1 drivers
v0x55e7e06401d0_0 .var "wr_pointer", 3 0;
E_0x55e7e0616d00/0 .event negedge, v0x55e7e063fed0_0;
E_0x55e7e0616d00/1 .event posedge, v0x55e7e063f7d0_0;
E_0x55e7e0616d00 .event/or E_0x55e7e0616d00/0, E_0x55e7e0616d00/1;
L_0x55e7e0640dd0 .concat [ 5 27 0 0], v0x55e7e063ff70_0, L_0x7fc2528b4018;
L_0x55e7e0650f00 .cmp/eq 32, L_0x55e7e0640dd0, L_0x7fc2528b4060;
L_0x55e7e0651090 .concat [ 5 27 0 0], v0x55e7e063ff70_0, L_0x7fc2528b40a8;
L_0x55e7e06511d0 .cmp/eq 32, L_0x55e7e0651090, L_0x7fc2528b40f0;
S_0x55e7e063d090 .scope module, "DP_RAM_IM" "ram_dp_ar_aw" 4 93, 5 5 0, S_0x55e7e063cb40;
 .timescale -9 -12;
    .port_info 0 /INPUT 4 "address_0";
    .port_info 1 /INPUT 16 "data_0";
    .port_info 2 /INPUT 1 "cs_0";
    .port_info 3 /INPUT 1 "we_0";
    .port_info 4 /INPUT 1 "oe_0";
    .port_info 5 /INPUT 4 "address_1";
    .port_info 6 /OUTPUT 16 "data_1";
    .port_info 7 /INPUT 1 "cs_1";
    .port_info 8 /INPUT 1 "we_1";
    .port_info 9 /INPUT 1 "oe_1";
P_0x55e7e063d290 .param/l "ADDR_WIDTH" 0 5 19, +C4<00000000000000000000000000000100>;
P_0x55e7e063d2d0 .param/l "DATA_WIDTH" 0 5 18, +C4<00000000000000000000000000010000>;
P_0x55e7e063d310 .param/l "RAM_DEPTH" 0 5 20, +C4<000000000000000000000000000000010000>;
L_0x55e7e05fca30 .functor AND 1, v0x55e7e06409c0_0, v0x55e7e0640ab0_0, C4<1>, C4<1>;
L_0x55e7e05fda70 .functor AND 1, L_0x55e7e05fca30, L_0x55e7e0651390, C4<1>, C4<1>;
v0x55e7e05fcc20_0 .net *"_ivl_1", 0 0, L_0x55e7e05fca30;  1 drivers
v0x55e7e05fd360_0 .net *"_ivl_3", 0 0, L_0x55e7e0651390;  1 drivers
v0x55e7e05fd430_0 .net *"_ivl_5", 0 0, L_0x55e7e05fda70;  1 drivers
L_0x7fc2528b4138 .functor BUFT 1, C4<00000000zzzzzzzz>, C4<0>, C4<0>, C4<0>;
v0x55e7e05fdb90_0 .net *"_ivl_6", 15 0, L_0x7fc2528b4138;  1 drivers
v0x55e7e05fdc60_0 .net "address_0", 3 0, v0x55e7e06401d0_0;  1 drivers
v0x55e7e063dde0_0 .net "address_1", 3 0, v0x55e7e063fe00_0;  1 drivers
v0x55e7e063dec0_0 .net "cs_0", 0 0, v0x55e7e0640bf0_0;  alias, 1 drivers
v0x55e7e063df80_0 .net "cs_1", 0 0, v0x55e7e06409c0_0;  alias, 1 drivers
v0x55e7e063e040_0 .net "data_0", 15 0, v0x55e7e06406c0_0;  alias, 1 drivers
v0x55e7e063e120_0 .var "data_0_out", 15 0;
v0x55e7e063e200_0 .net "data_1", 15 0, L_0x55e7e0651520;  alias, 1 drivers
v0x55e7e063e2e0_0 .var "data_1_out", 15 0;
v0x55e7e063e3c0 .array "mem", 15 0, 15 0;
L_0x7fc2528b4180 .functor BUFT 1, C4<0>, C4<0>, C4<0>, C4<0>;
v0x55e7e063e480_0 .net "oe_0", 0 0, L_0x7fc2528b4180;  1 drivers
v0x55e7e063e540_0 .net "oe_1", 0 0, v0x55e7e0640ab0_0;  alias, 1 drivers
v0x55e7e063e600_0 .net "we_0", 0 0, v0x55e7e0640ce0_0;  alias, 1 drivers
L_0x7fc2528b41c8 .functor BUFT 1, C4<0>, C4<0>, C4<0>, C4<0>;
v0x55e7e063e6c0_0 .net "we_1", 0 0, L_0x7fc2528b41c8;  1 drivers
E_0x55e7e0617490 .event edge, v0x55e7e063e540_0, v0x55e7e063e6c0_0, v0x55e7e063df80_0, v0x55e7e063dde0_0;
E_0x55e7e0616ba0 .event edge, v0x55e7e063e480_0, v0x55e7e063e6c0_0, v0x55e7e063dec0_0, v0x55e7e05fdc60_0;
E_0x55e7e0617330/0 .event edge, v0x55e7e063e200_0, v0x55e7e063e6c0_0, v0x55e7e063df80_0, v0x55e7e063dde0_0;
E_0x55e7e0617330/1 .event edge, v0x55e7e063e040_0, v0x55e7e063e600_0, v0x55e7e063dec0_0, v0x55e7e05fdc60_0;
E_0x55e7e0617330 .event/or E_0x55e7e0617330/0, E_0x55e7e0617330/1;
L_0x55e7e0651390 .reduce/nor L_0x7fc2528b41c8;
L_0x55e7e0651520 .functor MUXZ 16, L_0x7fc2528b4138, v0x55e7e063e2e0_0, L_0x55e7e05fda70, C4<>;
S_0x55e7e063d6b0 .scope begin, "MEM_READ_0" "MEM_READ_0" 5 61, 5 61 0, S_0x55e7e063d090;
 .timescale -9 -12;
S_0x55e7e063d8b0 .scope begin, "MEM_READ_1" "MEM_READ_1" 5 76, 5 76 0, S_0x55e7e063d090;
 .timescale -9 -12;
S_0x55e7e063dab0 .scope begin, "MEM_WRITE" "MEM_WRITE" 5 46, 5 46 0, S_0x55e7e063d090;
 .timescale -9 -12;
S_0x55e7e063e920 .scope begin, "READ_DATA" "READ_DATA" 4 70, 4 70 0, S_0x55e7e063cb40;
 .timescale 0 0;
S_0x55e7e063ead0 .scope begin, "READ_POINTER" "READ_POINTER" 4 61, 4 61 0, S_0x55e7e063cb40;
 .timescale 0 0;
S_0x55e7e063ecb0 .scope begin, "STATUS_COUNTER" "STATUS_COUNTER" 4 79, 4 79 0, S_0x55e7e063cb40;
 .timescale 0 0;
S_0x55e7e063ee90 .scope begin, "WRITE_POINTER" "WRITE_POINTER" 4 52, 4 52 0, S_0x55e7e063cb40;
 .timescale 0 0;
    .scope S_0x55e7e063d090;
T_0 ;
    %wait E_0x55e7e0617330;
    %fork t_1, S_0x55e7e063dab0;
    %jmp t_0;
    .scope S_0x55e7e063dab0;
t_1 ;
    %load/vec4 v0x55e7e063dec0_0;
    %load/vec4 v0x55e7e063e600_0;
    %and;
    %flag_set/vec4 8;
    %jmp/0xz  T_0.0, 8;
    %load/vec4 v0x55e7e063e040_0;
    %load/vec4 v0x55e7e05fdc60_0;
    %pad/u 6;
    %ix/vec4 3;
    %ix/load 4, 0, 0; Constant delay
    %assign/vec4/a/d v0x55e7e063e3c0, 0, 4;
    %jmp T_0.1;
T_0.0 ;
    %load/vec4 v0x55e7e063df80_0;
    %load/vec4 v0x55e7e063e6c0_0;
    %and;
    %flag_set/vec4 8;
    %jmp/0xz  T_0.2, 8;
    %load/vec4 v0x55e7e063e200_0;
    %load/vec4 v0x55e7e063dde0_0;
    %pad/u 6;
    %ix/vec4 3;
    %ix/load 4, 0, 0; Constant delay
    %assign/vec4/a/d v0x55e7e063e3c0, 0, 4;
T_0.2 ;
T_0.1 ;
    %end;
    .scope S_0x55e7e063d090;
t_0 %join;
    %jmp T_0;
    .thread T_0, $push;
    .scope S_0x55e7e063d090;
T_1 ;
    %wait E_0x55e7e0616ba0;
    %fork t_3, S_0x55e7e063d6b0;
    %jmp t_2;
    .scope S_0x55e7e063d6b0;
t_3 ;
    %load/vec4 v0x55e7e063dec0_0;
    %load/vec4 v0x55e7e063e600_0;
    %nor/r;
    %and;
    %load/vec4 v0x55e7e063e480_0;
    %and;
    %flag_set/vec4 8;
    %jmp/0xz  T_1.0, 8;
    %load/vec4 v0x55e7e05fdc60_0;
    %pad/u 6;
    %ix/vec4 4;
    %load/vec4a v0x55e7e063e3c0, 4;
    %assign/vec4 v0x55e7e063e120_0, 0;
    %jmp T_1.1;
T_1.0 ;
    %pushi/vec4 0, 0, 16;
    %assign/vec4 v0x55e7e063e120_0, 0;
T_1.1 ;
    %end;
    .scope S_0x55e7e063d090;
t_2 %join;
    %jmp T_1;
    .thread T_1, $push;
    .scope S_0x55e7e063d090;
T_2 ;
    %wait E_0x55e7e0617490;
    %fork t_5, S_0x55e7e063d8b0;
    %jmp t_4;
    .scope S_0x55e7e063d8b0;
t_5 ;
    %load/vec4 v0x55e7e063df80_0;
    %load/vec4 v0x55e7e063e6c0_0;
    %nor/r;
    %and;
    %load/vec4 v0x55e7e063e540_0;
    %and;
    %flag_set/vec4 8;
    %jmp/0xz  T_2.0, 8;
    %load/vec4 v0x55e7e063dde0_0;
    %pad/u 6;
    %ix/vec4 4;
    %load/vec4a v0x55e7e063e3c0, 4;
    %assign/vec4 v0x55e7e063e2e0_0, 0;
    %jmp T_2.1;
T_2.0 ;
    %pushi/vec4 0, 0, 16;
    %assign/vec4 v0x55e7e063e2e0_0, 0;
T_2.1 ;
    %end;
    .scope S_0x55e7e063d090;
t_4 %join;
    %jmp T_2;
    .thread T_2, $push;
    .scope S_0x55e7e063cb40;
T_3 ;
    %wait E_0x55e7e0616d00;
    %fork t_7, S_0x55e7e063ee90;
    %jmp t_6;
    .scope S_0x55e7e063ee90;
t_7 ;
    %load/vec4 v0x55e7e063fed0_0;
    %nor/r;
    %flag_set/vec4 8;
    %jmp/0xz  T_3.0, 8;
    %pushi/vec4 0, 0, 4;
    %assign/vec4 v0x55e7e06401d0_0, 0;
    %jmp T_3.1;
T_3.0 ;
    %load/vec4 v0x55e7e0640030_0;
    %load/vec4 v0x55e7e0640100_0;
    %and;
    %flag_set/vec4 8;
    %jmp/0xz  T_3.2, 8;
    %load/vec4 v0x55e7e063f6f0_0;
    %assign/vec4 v0x55e7e06401d0_0, 0;
T_3.2 ;
T_3.1 ;
    %end;
    .scope S_0x55e7e063cb40;
t_6 %join;
    %jmp T_3;
    .thread T_3;
    .scope S_0x55e7e063cb40;
T_4 ;
    %wait E_0x55e7e0616d00;
    %fork t_9, S_0x55e7e063ead0;
    %jmp t_8;
    .scope S_0x55e7e063ead0;
t_9 ;
    %load/vec4 v0x55e7e063fed0_0;
    %nor/r;
    %flag_set/vec4 8;
    %jmp/0xz  T_4.0, 8;
    %pushi/vec4 0, 0, 4;
    %assign/vec4 v0x55e7e063fe00_0, 0;
    %jmp T_4.1;
T_4.0 ;
    %load/vec4 v0x55e7e063fc60_0;
    %load/vec4 v0x55e7e063fd30_0;
    %and;
    %flag_set/vec4 8;
    %jmp/0xz  T_4.2, 8;
    %load/vec4 v0x55e7e063f610_0;
    %assign/vec4 v0x55e7e063fe00_0, 0;
T_4.2 ;
T_4.1 ;
    %end;
    .scope S_0x55e7e063cb40;
t_8 %join;
    %jmp T_4;
    .thread T_4;
    .scope S_0x55e7e063cb40;
T_5 ;
    %wait E_0x55e7e0616d00;
    %fork t_11, S_0x55e7e063e920;
    %jmp t_10;
    .scope S_0x55e7e063e920;
t_11 ;
    %load/vec4 v0x55e7e063fed0_0;
    %nor/r;
    %flag_set/vec4 8;
    %jmp/0xz  T_5.0, 8;
    %pushi/vec4 0, 0, 16;
    %assign/vec4 v0x55e7e063f950_0, 0;
    %jmp T_5.1;
T_5.0 ;
    %load/vec4 v0x55e7e063fc60_0;
    %load/vec4 v0x55e7e063fd30_0;
    %and;
    %flag_set/vec4 8;
    %jmp/0xz  T_5.2, 8;
    %load/vec4 v0x55e7e063fa10_0;
    %assign/vec4 v0x55e7e063f950_0, 0;
T_5.2 ;
T_5.1 ;
    %end;
    .scope S_0x55e7e063cb40;
t_10 %join;
    %jmp T_5;
    .thread T_5;
    .scope S_0x55e7e063cb40;
T_6 ;
    %wait E_0x55e7e0616d00;
    %fork t_13, S_0x55e7e063ecb0;
    %jmp t_12;
    .scope S_0x55e7e063ecb0;
t_13 ;
    %load/vec4 v0x55e7e063fed0_0;
    %nor/r;
    %flag_set/vec4 8;
    %jmp/0xz  T_6.0, 8;
    %pushi/vec4 0, 0, 5;
    %assign/vec4 v0x55e7e063ff70_0, 0;
    %jmp T_6.1;
T_6.0 ;
    %load/vec4 v0x55e7e063fc60_0;
    %load/vec4 v0x55e7e063fd30_0;
    %and;
    %load/vec4 v0x55e7e0640030_0;
    %load/vec4 v0x55e7e0640100_0;
    %and;
    %nor/r;
    %and;
    %load/vec4 v0x55e7e063ff70_0;
    %pad/u 32;
    %pushi/vec4 0, 0, 32;
    %cmp/ne;
    %flag_get/vec4 4;
    %and;
    %flag_set/vec4 8;
    %jmp/0xz  T_6.2, 8;
    %load/vec4 v0x55e7e063ff70_0;
    %subi 1, 0, 5;
    %assign/vec4 v0x55e7e063ff70_0, 0;
    %jmp T_6.3;
T_6.2 ;
    %load/vec4 v0x55e7e0640030_0;
    %load/vec4 v0x55e7e0640100_0;
    %and;
    %load/vec4 v0x55e7e063fc60_0;
    %load/vec4 v0x55e7e063fd30_0;
    %and;
    %nor/r;
    %and;
    %load/vec4 v0x55e7e063ff70_0;
    %pad/u 32;
    %pushi/vec4 16, 0, 32;
    %cmp/ne;
    %flag_get/vec4 4;
    %and;
    %flag_set/vec4 8;
    %jmp/0xz  T_6.4, 8;
    %load/vec4 v0x55e7e063ff70_0;
    %addi 1, 0, 5;
    %assign/vec4 v0x55e7e063ff70_0, 0;
T_6.4 ;
T_6.3 ;
T_6.1 ;
    %end;
    .scope S_0x55e7e063cb40;
t_12 %join;
    %jmp T_6;
    .thread T_6;
    .scope S_0x55e7e05c9e70;
T_7 ;
    %delay 5000, 0;
    %load/vec4 v0x55e7e06405c0_0;
    %nor/r;
    %store/vec4 v0x55e7e06405c0_0, 0, 1;
    %jmp T_7;
    .thread T_7;
    .scope S_0x55e7e05c9e70;
T_8 ;
    %delay 5000, 0;
    %pushi/vec4 1, 0, 1;
    %store/vec4 v0x55e7e0640b50_0, 0, 1;
    %pushi/vec4 0, 0, 1;
    %store/vec4 v0x55e7e06405c0_0, 0, 1;
    %delay 5000, 0;
    %pushi/vec4 0, 0, 1;
    %store/vec4 v0x55e7e0640b50_0, 0, 1;
    %delay 5000, 0;
    %pushi/vec4 1, 0, 1;
    %store/vec4 v0x55e7e0640b50_0, 0, 1;
    %pushi/vec4 1, 0, 1;
    %store/vec4 v0x55e7e0640bf0_0, 0, 1;
    %pushi/vec4 1, 0, 1;
    %store/vec4 v0x55e7e0640ce0_0, 0, 1;
    %pushi/vec4 0, 0, 1;
    %store/vec4 v0x55e7e06409c0_0, 0, 1;
    %pushi/vec4 0, 0, 1;
    %store/vec4 v0x55e7e0640ab0_0, 0, 1;
    %fork t_15, S_0x55e7e060c3b0;
    %jmp t_14;
    .scope S_0x55e7e060c3b0;
t_15 ;
    %pushi/vec4 0, 0, 32;
    %store/vec4 v0x55e7e060f620_0, 0, 32;
T_8.0 ;
    %load/vec4 v0x55e7e060f620_0;
    %cmpi/s 17, 0, 32;
    %jmp/0xz T_8.1, 5;
    %load/vec4 v0x55e7e060f620_0;
    %pad/s 4;
    %store/vec4 v0x55e7e06404f0_0, 0, 4;
    %load/vec4 v0x55e7e060f620_0;
    %addi 1, 0, 32;
    %pad/s 16;
    %store/vec4 v0x55e7e06406c0_0, 0, 16;
    %delay 10000, 0;
    %load/vec4 v0x55e7e060f620_0;
    %addi 1, 0, 32;
    %cast2;
    %store/vec4 v0x55e7e060f620_0, 0, 32;
    %jmp T_8.0;
T_8.1 ;
    %end;
    .scope S_0x55e7e05c9e70;
t_14 %join;
    %pushi/vec4 0, 0, 1;
    %store/vec4 v0x55e7e0640bf0_0, 0, 1;
    %pushi/vec4 0, 0, 1;
    %store/vec4 v0x55e7e0640ce0_0, 0, 1;
    %pushi/vec4 1, 0, 1;
    %store/vec4 v0x55e7e06409c0_0, 0, 1;
    %pushi/vec4 1, 0, 1;
    %store/vec4 v0x55e7e0640ab0_0, 0, 1;
    %fork t_17, S_0x55e7e063c900;
    %jmp t_16;
    .scope S_0x55e7e063c900;
t_17 ;
    %pushi/vec4 0, 0, 32;
    %store/vec4 v0x55e7e05fcb50_0, 0, 32;
T_8.2 ;
    %load/vec4 v0x55e7e05fcb50_0;
    %cmpi/s 17, 0, 32;
    %jmp/0xz T_8.3, 5;
    %load/vec4 v0x55e7e05fcb50_0;
    %pad/s 4;
    %store/vec4 v0x55e7e06403e0_0, 0, 4;
    %delay 10000, 0;
    %load/vec4 v0x55e7e05fcb50_0;
    %addi 1, 0, 32;
    %cast2;
    %store/vec4 v0x55e7e05fcb50_0, 0, 32;
    %jmp T_8.2;
T_8.3 ;
    %end;
    .scope S_0x55e7e05c9e70;
t_16 %join;
    %pushi/vec4 0, 0, 1;
    %store/vec4 v0x55e7e0640bf0_0, 0, 1;
    %pushi/vec4 0, 0, 1;
    %store/vec4 v0x55e7e0640ce0_0, 0, 1;
    %pushi/vec4 0, 0, 1;
    %store/vec4 v0x55e7e06409c0_0, 0, 1;
    %pushi/vec4 0, 0, 1;
    %store/vec4 v0x55e7e0640ab0_0, 0, 1;
    %delay 600000, 0;
    %vpi_call/w 3 98 "$finish" {0 0 0};
    %end;
    .thread T_8;
    .scope S_0x55e7e05c9e70;
T_9 ;
    %vpi_call/w 3 107 "$dumpfile", "sync_fifo_16x16_tb.vcd" {0 0 0};
    %vpi_call/w 3 108 "$dumpvars" {0 0 0};
    %end;
    .thread T_9;
# The file index is used to find the file name in the following table.
:file_names 6;
    "N/A";
    "<interactive>";
    "-";
    "sync_fifo_16x16_tb.v";
    "./sync_fifo_16x16.v";
    "ram_dp_ar_aw.v";
