#! /usr/bin/vvp
:ivl_version "10.3 (stable)";
:ivl_delay_selection "TYPICAL";
:vpi_time_precision + 0;
:vpi_module "system";
:vpi_module "vhdl_sys";
:vpi_module "v2005_math";
:vpi_module "va_math";
S_0x557c22853130 .scope module, "counter" "counter" 2 2;
 .timescale 0 0;
    .port_info 0 /INPUT 1 "clk"
    .port_info 1 /INPUT 1 "reset"
    .port_info 2 /INPUT 1 "up_down"
    .port_info 3 /INPUT 1 "load"
    .port_info 4 /INPUT 4 "data"
    .port_info 5 /OUTPUT 4 "count"
o0x7facb3649018 .functor BUFZ 1, C4<z>; HiZ drive
v0x557c22853390_0 .net "clk", 0 0, o0x7facb3649018;  0 drivers
v0x557c22897030_0 .var "count", 3 0;
o0x7facb3649078 .functor BUFZ 4, C4<zzzz>; HiZ drive
v0x557c22897110_0 .net "data", 3 0, o0x7facb3649078;  0 drivers
o0x7facb36490a8 .functor BUFZ 1, C4<z>; HiZ drive
v0x557c228971d0_0 .net "load", 0 0, o0x7facb36490a8;  0 drivers
o0x7facb36490d8 .functor BUFZ 1, C4<z>; HiZ drive
v0x557c22897290_0 .net "reset", 0 0, o0x7facb36490d8;  0 drivers
o0x7facb3649108 .functor BUFZ 1, C4<z>; HiZ drive
v0x557c228973a0_0 .net "up_down", 0 0, o0x7facb3649108;  0 drivers
E_0x557c228885d0 .event posedge, v0x557c22853390_0;
    .scope S_0x557c22853130;
T_0 ;
    %wait E_0x557c228885d0;
    %load/vec4 v0x557c22897290_0;
    %flag_set/vec4 8;
    %jmp/0xz  T_0.0, 8;
    %pushi/vec4 0, 0, 4;
    %assign/vec4 v0x557c22897030_0, 0;
    %jmp T_0.1;
T_0.0 ;
    %load/vec4 v0x557c228971d0_0;
    %flag_set/vec4 8;
    %jmp/0xz  T_0.2, 8;
    %load/vec4 v0x557c22897110_0;
    %assign/vec4 v0x557c22897030_0, 0;
    %jmp T_0.3;
T_0.2 ;
    %load/vec4 v0x557c228973a0_0;
    %flag_set/vec4 8;
    %jmp/0xz  T_0.4, 8;
    %load/vec4 v0x557c22897030_0;
    %addi 1, 0, 4;
    %assign/vec4 v0x557c22897030_0, 0;
    %jmp T_0.5;
T_0.4 ;
    %load/vec4 v0x557c22897030_0;
    %subi 1, 0, 4;
    %assign/vec4 v0x557c22897030_0, 0;
T_0.5 ;
T_0.3 ;
T_0.1 ;
    %jmp T_0;
    .thread T_0;
# The file index is used to find the file name in the following table.
:file_names 3;
    "N/A";
    "<interactive>";
    "counter.v";
